2026-07-05 09:09:24,883 - INFO - pipeline - Downloaded Minutes of the meeting of CWWG as on 22.06.2026.pdf
2026-07-05 09:09:26,596 - INFO - pipeline - Downloaded Minutes of the meeting of CWWG as on 15.06.2026.pdf
2026-07-05 09:33:17,541 - INFO - pipeline - Downloaded Minutes of the meeting of CWWG as on 22.06.2026.pdf
2026-07-05 09:33:19,385 - INFO - pipeline - Downloaded Minutes of the meeting of CWWG as on 15.06.2026.pdf
2026-07-05 09:33:20,938 - INFO - pipeline - Downloaded Minutes of the meeting of CWWG as on 08.06.2026.pdf
2026-07-05 09:33:22,581 - INFO - pipeline - Downloaded Minutes of the meeting of CWWG as on 01.06.2026.pdf
2026-07-05 09:33:24,318 - INFO - pipeline - Downloaded Minutes of the meeting of CWWG as on 25.05.2026.pdf
2026-07-05 09:33:26,228 - INFO - pipeline - Downloaded Minutes of the meeting of CWWG as on 18.05.2026.pdf
2026-07-05 09:33:27,920 - INFO - pipeline - Downloaded Minutes of the meeting of CWWG as on 11.05.2026.pdf
2026-07-05 09:33:29,572 - INFO - pipeline - Downloaded Minutes of the meeting of CWWG as on 04.05.2026.pdf
2026-07-05 09:33:31,211 - INFO - pipeline - Downloaded Minutes of the meeting of CWWG as on 27.04.2026.pdf
2026-07-05 09:33:32,946 - INFO - pipeline - Downloaded Minutes of the meeting of CWWG as on 20.04.2026.pdf
2026-07-05 09:33:34,500 - INFO - pipeline - Downloaded Minutes of the meeting of CWWG as on 13.04.2026.pdf
2026-07-05 09:33:36,091 - INFO - pipeline - Downloaded Minutes of the meeting of CWWG as on 06.04.2026.pdf
2026-07-05 09:33:37,610 - INFO - pipeline - Downloaded Minutes of the meeting of CWWG as on 30.03.2026.pdf
2026-07-05 09:33:38,738 - WARNING - pipeline - Failed to download https://agriwelfare.gov.in/Documents/CWWGDATA/CWWGWeeklyReport_23032026.pdf: 404
2026-07-05 09:33:40,310 - INFO - pipeline - Downloaded Minutes of the meeting of CWWG as on 16.03.2026.pdf
2026-07-05 09:33:42,238 - INFO - pipeline - Downloaded Minutes of the meeting of CWWG as on 09.03.2026.pdf
2026-07-05 09:33:44,409 - INFO - pipeline - Downloaded Minutes of the meeting of CWWG as on 02.03.2026.pdf
2026-07-05 09:33:46,353 - INFO - pipeline - Downloaded Minutes of the meeting of CWWG as on 23.02.2026.pdf
2026-07-05 09:33:48,194 - INFO - pipeline - Downloaded Minutes of the meeting of CWWG as on 16.02.2026.pdf
2026-07-05 09:33:50,040 - INFO - pipeline - Downloaded Minutes of the meeting of CWWG as on 09.02.2026.pdf
2026-07-05 09:33:52,008 - INFO - pipeline - Downloaded Minutes of the meeting of CWWG as on 02.02.2026.pdf
2026-07-05 09:33:53,964 - INFO - pipeline - Downloaded Minutes of the meeting of CWWG as on 27.01.2026.pdf
2026-07-05 09:33:56,713 - INFO - pipeline - Downloaded Minutes of the meeting of CWWG as on 12.01.2026.pdf
2026-07-05 09:33:58,663 - INFO - pipeline - Downloaded Minutes of the meeting of CWWG as on 05.01.2026.pdf
2026-07-05 09:34:00,562 - INFO - pipeline - Downloaded Minutes of the meeting of CWWG as on 29.12.2025.pdf
2026-07-05 09:34:04,428 - INFO - pipeline - Downloaded Minutes of the meeting of CWWG as on 22.12.2025.pdf
2026-07-05 09:34:08,210 - INFO - pipeline - Downloaded Minutes of the meeting of CWWG as on 15.12.2025.pdf
2026-07-05 09:34:10,047 - INFO - pipeline - Downloaded Minutes of the meeting of CWWG as on 08.12.2025.pdf
2026-07-05 09:34:11,844 - INFO - pipeline - Downloaded Minutes of the meeting of CWWG as on 01.12.2025.pdf
2026-07-05 09:34:13,971 - INFO - pipeline - Downloaded Minutes of the meeting of CWWG as on 24.11.2025.pdf
2026-07-05 09:34:15,988 - INFO - pipeline - Downloaded Minutes of the meeting of CWWG as on 17.11.2025.pdf
2026-07-05 09:34:17,558 - INFO - pipeline - Downloaded Minutes of the meeting of CWWG as on 10.11.2025.pdf
2026-07-05 09:34:19,083 - INFO - pipeline - Downloaded Minutes of the meeting of CWWG as on 03.11.2025.pdf
2026-07-05 09:34:20,826 - INFO - pipeline - Downloaded Minutes of the meeting of CWWG as on 27.10.2025.pdf
2026-07-05 09:34:22,330 - INFO - pipeline - Downloaded Minutes of the meeting of CWWG as on 13.10.2025.pdf
2026-07-05 09:34:23,863 - INFO - pipeline - Downloaded Minutes of the meeting of CWWG as on 06.10.2025 ..pdf
2026-07-05 09:34:25,481 - INFO - pipeline - Downloaded Minutes of the meeting of CWWG as on 29.09.2025.pdf
2026-07-05 09:34:27,064 - INFO - pipeline - Downloaded Minutes of the meeting of CWWG as on 22.09.2025.pdf
2026-07-05 09:34:28,638 - INFO - pipeline - Downloaded Minutes of the meeting of CWWG as on 15.09.2025.pdf
2026-07-05 09:34:30,262 - INFO - pipeline - Downloaded Minutes of the meeting of CWWG as on 08.09.2025.pdf
2026-07-05 09:34:31,823 - INFO - pipeline - Downloaded Minutes of the meeting of CWWG as on 01.09.2025.pdf
2026-07-05 09:34:33,438 - INFO - pipeline - Downloaded Minutes of the meeting of CWWG as on 25.08.2025.pdf
2026-07-05 09:34:35,049 - INFO - pipeline - Downloaded Minutes of the meeting of CWWG as on 18.08.2025.pdf
2026-07-05 09:34:37,030 - INFO - pipeline - Downloaded Minutes of the meeting of CWWG as on 11.08.2025.pdf
2026-07-05 09:34:38,614 - INFO - pipeline - Downloaded Minutes of the meeting of CWWG as on 04.08.2025.pdf
2026-07-05 09:34:40,318 - INFO - pipeline - Downloaded Minutes of the meeting of CWWG as on 28.07.2025.pdf
2026-07-05 09:34:42,178 - INFO - pipeline - Downloaded Minutes of the meeting of CWWG as on 21.07.2025.pdf
2026-07-05 09:34:43,575 - INFO - pipeline - Downloaded Minutes of the meeting of CWWG as on 14.07.2025.pdf
2026-07-05 09:34:45,210 - INFO - pipeline - Downloaded Minutes of the meeting of CWWG as on 07.07.2025.pdf
2026-07-05 09:34:46,893 - INFO - pipeline - Downloaded Minutes of the meeting of CWWG as on 30.06.2025.pdf
2026-07-05 09:34:48,659 - INFO - pipeline - Downloaded Minutes of the meeting of CWWG as on 23.06.2025.pdf
2026-07-05 09:34:50,328 - INFO - pipeline - Downloaded Minutes of the meeting of CWWG as on 16.06.2025.pdf
2026-07-05 09:35:02,596 - ERROR - pipeline - Failed to process report C:\Web scraping\Crop_Weather_Watch\data\pdfs\Minutes of the meeting of CWWG as on 08.06.2026.pdf: 'jpg' cannot have alpha
Traceback (most recent call last):
  File "C:\Web scraping\Crop_Weather_Watch\rag_pipeline\pipeline.py", line 45, in process_reports
    image_pages = self.image_extractor.extract(pdf_path, week_name)
                  ^^^^^^^^^^^^^^^^^^^^^^^^^^^^^^^^^^^^^^^^^^^^^^^^^
  File "C:\Web scraping\Crop_Weather_Watch\rag_pipeline\extractors.py", line 78, in extract
    pix.save(image_path)
  File "C:\Web scraping\venv\Lib\site-packages\pymupdf\__init__.py", line 13911, in save
    raise ValueError(f"'{output}' cannot have alpha")
ValueError: 'jpg' cannot have alpha
2026-07-05 09:35:04,990 - ERROR - pipeline - Failed to process report C:\Web scraping\Crop_Weather_Watch\data\pdfs\Minutes of the meeting of CWWG as on 01.06.2026.pdf: 'jpg' cannot have alpha
Traceback (most recent call last):
  File "C:\Web scraping\Crop_Weather_Watch\rag_pipeline\pipeline.py", line 45, in process_reports
    image_pages = self.image_extractor.extract(pdf_path, week_name)
                  ^^^^^^^^^^^^^^^^^^^^^^^^^^^^^^^^^^^^^^^^^^^^^^^^^
  File "C:\Web scraping\Crop_Weather_Watch\rag_pipeline\extractors.py", line 78, in extract
    pix.save(image_path)
  File "C:\Web scraping\venv\Lib\site-packages\pymupdf\__init__.py", line 13911, in save
    raise ValueError(f"'{output}' cannot have alpha")
ValueError: 'jpg' cannot have alpha
2026-07-05 09:35:14,879 - ERROR - pipeline - Failed to process report C:\Web scraping\Crop_Weather_Watch\data\pdfs\Minutes of the meeting of CWWG as on 11.05.2026.pdf: 'jpg' cannot have alpha
Traceback (most recent call last):
  File "C:\Web scraping\Crop_Weather_Watch\rag_pipeline\pipeline.py", line 45, in process_reports
    image_pages = self.image_extractor.extract(pdf_path, week_name)
                  ^^^^^^^^^^^^^^^^^^^^^^^^^^^^^^^^^^^^^^^^^^^^^^^^^
  File "C:\Web scraping\Crop_Weather_Watch\rag_pipeline\extractors.py", line 78, in extract
    pix.save(image_path)
  File "C:\Web scraping\venv\Lib\site-packages\pymupdf\__init__.py", line 13911, in save
    raise ValueError(f"'{output}' cannot have alpha")
ValueError: 'jpg' cannot have alpha
2026-07-05 09:35:17,158 - ERROR - pipeline - Failed to process report C:\Web scraping\Crop_Weather_Watch\data\pdfs\Minutes of the meeting of CWWG as on 04.05.2026.pdf: 'jpg' cannot have alpha
Traceback (most recent call last):
  File "C:\Web scraping\Crop_Weather_Watch\rag_pipeline\pipeline.py", line 45, in process_reports
    image_pages = self.image_extractor.extract(pdf_path, week_name)
                  ^^^^^^^^^^^^^^^^^^^^^^^^^^^^^^^^^^^^^^^^^^^^^^^^^
  File "C:\Web scraping\Crop_Weather_Watch\rag_pipeline\extractors.py", line 78, in extract
    pix.save(image_path)
  File "C:\Web scraping\venv\Lib\site-packages\pymupdf\__init__.py", line 13911, in save
    raise ValueError(f"'{output}' cannot have alpha")
ValueError: 'jpg' cannot have alpha
2026-07-05 09:35:19,178 - ERROR - pipeline - Failed to process report C:\Web scraping\Crop_Weather_Watch\data\pdfs\Minutes of the meeting of CWWG as on 27.04.2026.pdf: 'jpg' cannot have alpha
Traceback (most recent call last):
  File "C:\Web scraping\Crop_Weather_Watch\rag_pipeline\pipeline.py", line 45, in process_reports
    image_pages = self.image_extractor.extract(pdf_path, week_name)
                  ^^^^^^^^^^^^^^^^^^^^^^^^^^^^^^^^^^^^^^^^^^^^^^^^^
  File "C:\Web scraping\Crop_Weather_Watch\rag_pipeline\extractors.py", line 78, in extract
    pix.save(image_path)
  File "C:\Web scraping\venv\Lib\site-packages\pymupdf\__init__.py", line 13911, in save
    raise ValueError(f"'{output}' cannot have alpha")
ValueError: 'jpg' cannot have alpha
2026-07-05 09:35:24,318 - ERROR - pipeline - Failed to process report C:\Web scraping\Crop_Weather_Watch\data\pdfs\Minutes of the meeting of CWWG as on 13.04.2026.pdf: 'jpg' cannot have alpha
Traceback (most recent call last):
  File "C:\Web scraping\Crop_Weather_Watch\rag_pipeline\pipeline.py", line 45, in process_reports
    image_pages = self.image_extractor.extract(pdf_path, week_name)
                  ^^^^^^^^^^^^^^^^^^^^^^^^^^^^^^^^^^^^^^^^^^^^^^^^^
  File "C:\Web scraping\Crop_Weather_Watch\rag_pipeline\extractors.py", line 78, in extract
    pix.save(image_path)
  File "C:\Web scraping\venv\Lib\site-packages\pymupdf\__init__.py", line 13911, in save
    raise ValueError(f"'{output}' cannot have alpha")
ValueError: 'jpg' cannot have alpha
2026-07-05 09:35:26,613 - ERROR - pipeline - Failed to process report C:\Web scraping\Crop_Weather_Watch\data\pdfs\Minutes of the meeting of CWWG as on 06.04.2026.pdf: 'jpg' cannot have alpha
Traceback (most recent call last):
  File "C:\Web scraping\Crop_Weather_Watch\rag_pipeline\pipeline.py", line 45, in process_reports
    image_pages = self.image_extractor.extract(pdf_path, week_name)
                  ^^^^^^^^^^^^^^^^^^^^^^^^^^^^^^^^^^^^^^^^^^^^^^^^^
  File "C:\Web scraping\Crop_Weather_Watch\rag_pipeline\extractors.py", line 78, in extract
    pix.save(image_path)
  File "C:\Web scraping\venv\Lib\site-packages\pymupdf\__init__.py", line 13911, in save
    raise ValueError(f"'{output}' cannot have alpha")
ValueError: 'jpg' cannot have alpha
2026-07-05 09:35:28,494 - ERROR - pipeline - Failed to process report C:\Web scraping\Crop_Weather_Watch\data\pdfs\Minutes of the meeting of CWWG as on 30.03.2026.pdf: 'jpg' cannot have alpha
Traceback (most recent call last):
  File "C:\Web scraping\Crop_Weather_Watch\rag_pipeline\pipeline.py", line 45, in process_reports
    image_pages = self.image_extractor.extract(pdf_path, week_name)
                  ^^^^^^^^^^^^^^^^^^^^^^^^^^^^^^^^^^^^^^^^^^^^^^^^^
  File "C:\Web scraping\Crop_Weather_Watch\rag_pipeline\extractors.py", line 78, in extract
    pix.save(image_path)
  File "C:\Web scraping\venv\Lib\site-packages\pymupdf\__init__.py", line 13911, in save
    raise ValueError(f"'{output}' cannot have alpha")
ValueError: 'jpg' cannot have alpha
2026-07-05 09:35:31,097 - ERROR - pipeline - Failed to process report C:\Web scraping\Crop_Weather_Watch\data\pdfs\Minutes of the meeting of CWWG as on 16.03.2026.pdf: 'jpg' cannot have alpha
Traceback (most recent call last):
  File "C:\Web scraping\Crop_Weather_Watch\rag_pipeline\pipeline.py", line 45, in process_reports
    image_pages = self.image_extractor.extract(pdf_path, week_name)
                  ^^^^^^^^^^^^^^^^^^^^^^^^^^^^^^^^^^^^^^^^^^^^^^^^^
  File "C:\Web scraping\Crop_Weather_Watch\rag_pipeline\extractors.py", line 78, in extract
    pix.save(image_path)
  File "C:\Web scraping\venv\Lib\site-packages\pymupdf\__init__.py", line 13911, in save
    raise ValueError(f"'{output}' cannot have alpha")
ValueError: 'jpg' cannot have alpha
2026-07-05 09:35:40,393 - ERROR - pipeline - Failed to process report C:\Web scraping\Crop_Weather_Watch\data\pdfs\Minutes of the meeting of CWWG as on 23.02.2026.pdf: 'jpg' cannot have alpha
Traceback (most recent call last):
  File "C:\Web scraping\Crop_Weather_Watch\rag_pipeline\pipeline.py", line 45, in process_reports
    image_pages = self.image_extractor.extract(pdf_path, week_name)
                  ^^^^^^^^^^^^^^^^^^^^^^^^^^^^^^^^^^^^^^^^^^^^^^^^^
  File "C:\Web scraping\Crop_Weather_Watch\rag_pipeline\extractors.py", line 78, in extract
    pix.save(image_path)
  File "C:\Web scraping\venv\Lib\site-packages\pymupdf\__init__.py", line 13911, in save
    raise ValueError(f"'{output}' cannot have alpha")
ValueError: 'jpg' cannot have alpha
2026-07-05 09:36:35,394 - ERROR - pipeline - Failed to process report C:\Web scraping\Crop_Weather_Watch\data\pdfs\Minutes of the meeting of CWWG as on 10.11.2025.pdf: 'jpg' cannot have alpha
Traceback (most recent call last):
  File "C:\Web scraping\Crop_Weather_Watch\rag_pipeline\pipeline.py", line 45, in process_reports
    image_pages = self.image_extractor.extract(pdf_path, week_name)
                  ^^^^^^^^^^^^^^^^^^^^^^^^^^^^^^^^^^^^^^^^^^^^^^^^^
  File "C:\Web scraping\Crop_Weather_Watch\rag_pipeline\extractors.py", line 78, in extract
    pix.save(image_path)
  File "C:\Web scraping\venv\Lib\site-packages\pymupdf\__init__.py", line 13911, in save
    raise ValueError(f"'{output}' cannot have alpha")
ValueError: 'jpg' cannot have alpha
2026-07-05 09:36:37,689 - ERROR - pipeline - Failed to process report C:\Web scraping\Crop_Weather_Watch\data\pdfs\Minutes of the meeting of CWWG as on 03.11.2025.pdf: 'jpg' cannot have alpha
Traceback (most recent call last):
  File "C:\Web scraping\Crop_Weather_Watch\rag_pipeline\pipeline.py", line 45, in process_reports
    image_pages = self.image_extractor.extract(pdf_path, week_name)
                  ^^^^^^^^^^^^^^^^^^^^^^^^^^^^^^^^^^^^^^^^^^^^^^^^^
  File "C:\Web scraping\Crop_Weather_Watch\rag_pipeline\extractors.py", line 78, in extract
    pix.save(image_path)
  File "C:\Web scraping\venv\Lib\site-packages\pymupdf\__init__.py", line 13911, in save
    raise ValueError(f"'{output}' cannot have alpha")
ValueError: 'jpg' cannot have alpha
2026-07-05 09:36:40,155 - ERROR - pipeline - Failed to process report C:\Web scraping\Crop_Weather_Watch\data\pdfs\Minutes of the meeting of CWWG as on 27.10.2025.pdf: 'jpg' cannot have alpha
Traceback (most recent call last):
  File "C:\Web scraping\Crop_Weather_Watch\rag_pipeline\pipeline.py", line 45, in process_reports
    image_pages = self.image_extractor.extract(pdf_path, week_name)
                  ^^^^^^^^^^^^^^^^^^^^^^^^^^^^^^^^^^^^^^^^^^^^^^^^^
  File "C:\Web scraping\Crop_Weather_Watch\rag_pipeline\extractors.py", line 78, in extract
    pix.save(image_path)
  File "C:\Web scraping\venv\Lib\site-packages\pymupdf\__init__.py", line 13911, in save
    raise ValueError(f"'{output}' cannot have alpha")
ValueError: 'jpg' cannot have alpha
2026-07-05 09:36:42,136 - ERROR - pipeline - Failed to process report C:\Web scraping\Crop_Weather_Watch\data\pdfs\Minutes of the meeting of CWWG as on 13.10.2025.pdf: 'jpg' cannot have alpha
Traceback (most recent call last):
  File "C:\Web scraping\Crop_Weather_Watch\rag_pipeline\pipeline.py", line 45, in process_reports
    image_pages = self.image_extractor.extract(pdf_path, week_name)
                  ^^^^^^^^^^^^^^^^^^^^^^^^^^^^^^^^^^^^^^^^^^^^^^^^^
  File "C:\Web scraping\Crop_Weather_Watch\rag_pipeline\extractors.py", line 78, in extract
    pix.save(image_path)
  File "C:\Web scraping\venv\Lib\site-packages\pymupdf\__init__.py", line 13911, in save
    raise ValueError(f"'{output}' cannot have alpha")
ValueError: 'jpg' cannot have alpha
2026-07-05 09:36:44,511 - ERROR - pipeline - Failed to process report C:\Web scraping\Crop_Weather_Watch\data\pdfs\Minutes of the meeting of CWWG as on 06.10.2025 ..pdf: 'jpg' cannot have alpha
Traceback (most recent call last):
  File "C:\Web scraping\Crop_Weather_Watch\rag_pipeline\pipeline.py", line 45, in process_reports
    image_pages = self.image_extractor.extract(pdf_path, week_name)
                  ^^^^^^^^^^^^^^^^^^^^^^^^^^^^^^^^^^^^^^^^^^^^^^^^^
  File "C:\Web scraping\Crop_Weather_Watch\rag_pipeline\extractors.py", line 78, in extract
    pix.save(image_path)
  File "C:\Web scraping\venv\Lib\site-packages\pymupdf\__init__.py", line 13911, in save
    raise ValueError(f"'{output}' cannot have alpha")
ValueError: 'jpg' cannot have alpha
2026-07-05 09:36:47,118 - ERROR - pipeline - Failed to process report C:\Web scraping\Crop_Weather_Watch\data\pdfs\Minutes of the meeting of CWWG as on 29.09.2025.pdf: 'jpg' cannot have alpha
Traceback (most recent call last):
  File "C:\Web scraping\Crop_Weather_Watch\rag_pipeline\pipeline.py", line 45, in process_reports
    image_pages = self.image_extractor.extract(pdf_path, week_name)
                  ^^^^^^^^^^^^^^^^^^^^^^^^^^^^^^^^^^^^^^^^^^^^^^^^^
  File "C:\Web scraping\Crop_Weather_Watch\rag_pipeline\extractors.py", line 78, in extract
    pix.save(image_path)
  File "C:\Web scraping\venv\Lib\site-packages\pymupdf\__init__.py", line 13911, in save
    raise ValueError(f"'{output}' cannot have alpha")
ValueError: 'jpg' cannot have alpha
2026-07-05 09:36:49,711 - ERROR - pipeline - Failed to process report C:\Web scraping\Crop_Weather_Watch\data\pdfs\Minutes of the meeting of CWWG as on 22.09.2025.pdf: 'jpg' cannot have alpha
Traceback (most recent call last):
  File "C:\Web scraping\Crop_Weather_Watch\rag_pipeline\pipeline.py", line 45, in process_reports
    image_pages = self.image_extractor.extract(pdf_path, week_name)
                  ^^^^^^^^^^^^^^^^^^^^^^^^^^^^^^^^^^^^^^^^^^^^^^^^^
  File "C:\Web scraping\Crop_Weather_Watch\rag_pipeline\extractors.py", line 78, in extract
    pix.save(image_path)
  File "C:\Web scraping\venv\Lib\site-packages\pymupdf\__init__.py", line 13911, in save
    raise ValueError(f"'{output}' cannot have alpha")
ValueError: 'jpg' cannot have alpha
2026-07-05 09:36:52,083 - ERROR - pipeline - Failed to process report C:\Web scraping\Crop_Weather_Watch\data\pdfs\Minutes of the meeting of CWWG as on 15.09.2025.pdf: 'jpg' cannot have alpha
Traceback (most recent call last):
  File "C:\Web scraping\Crop_Weather_Watch\rag_pipeline\pipeline.py", line 45, in process_reports
    image_pages = self.image_extractor.extract(pdf_path, week_name)
                  ^^^^^^^^^^^^^^^^^^^^^^^^^^^^^^^^^^^^^^^^^^^^^^^^^
  File "C:\Web scraping\Crop_Weather_Watch\rag_pipeline\extractors.py", line 78, in extract
    pix.save(image_path)
  File "C:\Web scraping\venv\Lib\site-packages\pymupdf\__init__.py", line 13911, in save
    raise ValueError(f"'{output}' cannot have alpha")
ValueError: 'jpg' cannot have alpha
2026-07-05 09:36:54,844 - ERROR - pipeline - Failed to process report C:\Web scraping\Crop_Weather_Watch\data\pdfs\Minutes of the meeting of CWWG as on 08.09.2025.pdf: 'jpg' cannot have alpha
Traceback (most recent call last):
  File "C:\Web scraping\Crop_Weather_Watch\rag_pipeline\pipeline.py", line 45, in process_reports
    image_pages = self.image_extractor.extract(pdf_path, week_name)
                  ^^^^^^^^^^^^^^^^^^^^^^^^^^^^^^^^^^^^^^^^^^^^^^^^^
  File "C:\Web scraping\Crop_Weather_Watch\rag_pipeline\extractors.py", line 78, in extract
    pix.save(image_path)
  File "C:\Web scraping\venv\Lib\site-packages\pymupdf\__init__.py", line 13911, in save
    raise ValueError(f"'{output}' cannot have alpha")
ValueError: 'jpg' cannot have alpha
2026-07-05 09:36:57,673 - ERROR - pipeline - Failed to process report C:\Web scraping\Crop_Weather_Watch\data\pdfs\Minutes of the meeting of CWWG as on 01.09.2025.pdf: 'jpg' cannot have alpha
Traceback (most recent call last):
  File "C:\Web scraping\Crop_Weather_Watch\rag_pipeline\pipeline.py", line 45, in process_reports
    image_pages = self.image_extractor.extract(pdf_path, week_name)
                  ^^^^^^^^^^^^^^^^^^^^^^^^^^^^^^^^^^^^^^^^^^^^^^^^^
  File "C:\Web scraping\Crop_Weather_Watch\rag_pipeline\extractors.py", line 78, in extract
    pix.save(image_path)
  File "C:\Web scraping\venv\Lib\site-packages\pymupdf\__init__.py", line 13911, in save
    raise ValueError(f"'{output}' cannot have alpha")
ValueError: 'jpg' cannot have alpha
2026-07-05 09:37:00,654 - ERROR - pipeline - Failed to process report C:\Web scraping\Crop_Weather_Watch\data\pdfs\Minutes of the meeting of CWWG as on 25.08.2025.pdf: 'jpg' cannot have alpha
Traceback (most recent call last):
  File "C:\Web scraping\Crop_Weather_Watch\rag_pipeline\pipeline.py", line 45, in process_reports
    image_pages = self.image_extractor.extract(pdf_path, week_name)
                  ^^^^^^^^^^^^^^^^^^^^^^^^^^^^^^^^^^^^^^^^^^^^^^^^^
  File "C:\Web scraping\Crop_Weather_Watch\rag_pipeline\extractors.py", line 78, in extract
    pix.save(image_path)
  File "C:\Web scraping\venv\Lib\site-packages\pymupdf\__init__.py", line 13911, in save
    raise ValueError(f"'{output}' cannot have alpha")
ValueError: 'jpg' cannot have alpha
2026-07-05 09:37:03,124 - ERROR - pipeline - Failed to process report C:\Web scraping\Crop_Weather_Watch\data\pdfs\Minutes of the meeting of CWWG as on 18.08.2025.pdf: 'jpg' cannot have alpha
Traceback (most recent call last):
  File "C:\Web scraping\Crop_Weather_Watch\rag_pipeline\pipeline.py", line 45, in process_reports
    image_pages = self.image_extractor.extract(pdf_path, week_name)
                  ^^^^^^^^^^^^^^^^^^^^^^^^^^^^^^^^^^^^^^^^^^^^^^^^^
  File "C:\Web scraping\Crop_Weather_Watch\rag_pipeline\extractors.py", line 78, in extract
    pix.save(image_path)
  File "C:\Web scraping\venv\Lib\site-packages\pymupdf\__init__.py", line 13911, in save
    raise ValueError(f"'{output}' cannot have alpha")
ValueError: 'jpg' cannot have alpha
2026-07-05 09:37:05,973 - ERROR - pipeline - Failed to process report C:\Web scraping\Crop_Weather_Watch\data\pdfs\Minutes of the meeting of CWWG as on 11.08.2025.pdf: 'jpg' cannot have alpha
Traceback (most recent call last):
  File "C:\Web scraping\Crop_Weather_Watch\rag_pipeline\pipeline.py", line 45, in process_reports
    image_pages = self.image_extractor.extract(pdf_path, week_name)
                  ^^^^^^^^^^^^^^^^^^^^^^^^^^^^^^^^^^^^^^^^^^^^^^^^^
  File "C:\Web scraping\Crop_Weather_Watch\rag_pipeline\extractors.py", line 78, in extract
    pix.save(image_path)
  File "C:\Web scraping\venv\Lib\site-packages\pymupdf\__init__.py", line 13911, in save
    raise ValueError(f"'{output}' cannot have alpha")
ValueError: 'jpg' cannot have alpha
2026-07-05 09:37:08,695 - ERROR - pipeline - Failed to process report C:\Web scraping\Crop_Weather_Watch\data\pdfs\Minutes of the meeting of CWWG as on 04.08.2025.pdf: 'jpg' cannot have alpha
Traceback (most recent call last):
  File "C:\Web scraping\Crop_Weather_Watch\rag_pipeline\pipeline.py", line 45, in process_reports
    image_pages = self.image_extractor.extract(pdf_path, week_name)
                  ^^^^^^^^^^^^^^^^^^^^^^^^^^^^^^^^^^^^^^^^^^^^^^^^^
  File "C:\Web scraping\Crop_Weather_Watch\rag_pipeline\extractors.py", line 78, in extract
    pix.save(image_path)
  File "C:\Web scraping\venv\Lib\site-packages\pymupdf\__init__.py", line 13911, in save
    raise ValueError(f"'{output}' cannot have alpha")
ValueError: 'jpg' cannot have alpha
2026-07-05 09:37:11,394 - ERROR - pipeline - Failed to process report C:\Web scraping\Crop_Weather_Watch\data\pdfs\Minutes of the meeting of CWWG as on 28.07.2025.pdf: 'jpg' cannot have alpha
Traceback (most recent call last):
  File "C:\Web scraping\Crop_Weather_Watch\rag_pipeline\pipeline.py", line 45, in process_reports
    image_pages = self.image_extractor.extract(pdf_path, week_name)
                  ^^^^^^^^^^^^^^^^^^^^^^^^^^^^^^^^^^^^^^^^^^^^^^^^^
  File "C:\Web scraping\Crop_Weather_Watch\rag_pipeline\extractors.py", line 78, in extract
    pix.save(image_path)
  File "C:\Web scraping\venv\Lib\site-packages\pymupdf\__init__.py", line 13911, in save
    raise ValueError(f"'{output}' cannot have alpha")
ValueError: 'jpg' cannot have alpha
2026-07-05 09:37:13,670 - ERROR - pipeline - Failed to process report C:\Web scraping\Crop_Weather_Watch\data\pdfs\Minutes of the meeting of CWWG as on 21.07.2025.pdf: 'jpg' cannot have alpha
Traceback (most recent call last):
  File "C:\Web scraping\Crop_Weather_Watch\rag_pipeline\pipeline.py", line 45, in process_reports
    image_pages = self.image_extractor.extract(pdf_path, week_name)
                  ^^^^^^^^^^^^^^^^^^^^^^^^^^^^^^^^^^^^^^^^^^^^^^^^^
  File "C:\Web scraping\Crop_Weather_Watch\rag_pipeline\extractors.py", line 78, in extract
    pix.save(image_path)
  File "C:\Web scraping\venv\Lib\site-packages\pymupdf\__init__.py", line 13911, in save
    raise ValueError(f"'{output}' cannot have alpha")
ValueError: 'jpg' cannot have alpha
2026-07-05 09:37:15,597 - ERROR - pipeline - Failed to process report C:\Web scraping\Crop_Weather_Watch\data\pdfs\Minutes of the meeting of CWWG as on 14.07.2025.pdf: 'jpg' cannot have alpha
Traceback (most recent call last):
  File "C:\Web scraping\Crop_Weather_Watch\rag_pipeline\pipeline.py", line 45, in process_reports
    image_pages = self.image_extractor.extract(pdf_path, week_name)
                  ^^^^^^^^^^^^^^^^^^^^^^^^^^^^^^^^^^^^^^^^^^^^^^^^^
  File "C:\Web scraping\Crop_Weather_Watch\rag_pipeline\extractors.py", line 78, in extract
    pix.save(image_path)
  File "C:\Web scraping\venv\Lib\site-packages\pymupdf\__init__.py", line 13911, in save
    raise ValueError(f"'{output}' cannot have alpha")
ValueError: 'jpg' cannot have alpha
2026-07-05 09:37:17,378 - ERROR - pipeline - Failed to process report C:\Web scraping\Crop_Weather_Watch\data\pdfs\Minutes of the meeting of CWWG as on 07.07.2025.pdf: 'jpg' cannot have alpha
Traceback (most recent call last):
  File "C:\Web scraping\Crop_Weather_Watch\rag_pipeline\pipeline.py", line 45, in process_reports
    image_pages = self.image_extractor.extract(pdf_path, week_name)
                  ^^^^^^^^^^^^^^^^^^^^^^^^^^^^^^^^^^^^^^^^^^^^^^^^^
  File "C:\Web scraping\Crop_Weather_Watch\rag_pipeline\extractors.py", line 78, in extract
    pix.save(image_path)
  File "C:\Web scraping\venv\Lib\site-packages\pymupdf\__init__.py", line 13911, in save
    raise ValueError(f"'{output}' cannot have alpha")
ValueError: 'jpg' cannot have alpha
2026-07-05 09:37:19,238 - ERROR - pipeline - Failed to process report C:\Web scraping\Crop_Weather_Watch\data\pdfs\Minutes of the meeting of CWWG as on 30.06.2025.pdf: 'jpg' cannot have alpha
Traceback (most recent call last):
  File "C:\Web scraping\Crop_Weather_Watch\rag_pipeline\pipeline.py", line 45, in process_reports
    image_pages = self.image_extractor.extract(pdf_path, week_name)
                  ^^^^^^^^^^^^^^^^^^^^^^^^^^^^^^^^^^^^^^^^^^^^^^^^^
  File "C:\Web scraping\Crop_Weather_Watch\rag_pipeline\extractors.py", line 78, in extract
    pix.save(image_path)
  File "C:\Web scraping\venv\Lib\site-packages\pymupdf\__init__.py", line 13911, in save
    raise ValueError(f"'{output}' cannot have alpha")
ValueError: 'jpg' cannot have alpha
2026-07-05 09:37:21,001 - ERROR - pipeline - Failed to process report C:\Web scraping\Crop_Weather_Watch\data\pdfs\Minutes of the meeting of CWWG as on 23.06.2025.pdf: 'jpg' cannot have alpha
Traceback (most recent call last):
  File "C:\Web scraping\Crop_Weather_Watch\rag_pipeline\pipeline.py", line 45, in process_reports
    image_pages = self.image_extractor.extract(pdf_path, week_name)
                  ^^^^^^^^^^^^^^^^^^^^^^^^^^^^^^^^^^^^^^^^^^^^^^^^^
  File "C:\Web scraping\Crop_Weather_Watch\rag_pipeline\extractors.py", line 78, in extract
    pix.save(image_path)
  File "C:\Web scraping\venv\Lib\site-packages\pymupdf\__init__.py", line 13911, in save
    raise ValueError(f"'{output}' cannot have alpha")
ValueError: 'jpg' cannot have alpha
2026-07-05 09:37:22,914 - ERROR - pipeline - Failed to process report C:\Web scraping\Crop_Weather_Watch\data\pdfs\Minutes of the meeting of CWWG as on 16.06.2025.pdf: 'jpg' cannot have alpha
Traceback (most recent call last):
  File "C:\Web scraping\Crop_Weather_Watch\rag_pipeline\pipeline.py", line 45, in process_reports
    image_pages = self.image_extractor.extract(pdf_path, week_name)
                  ^^^^^^^^^^^^^^^^^^^^^^^^^^^^^^^^^^^^^^^^^^^^^^^^^
  File "C:\Web scraping\Crop_Weather_Watch\rag_pipeline\extractors.py", line 78, in extract
    pix.save(image_path)
  File "C:\Web scraping\venv\Lib\site-packages\pymupdf\__init__.py", line 13911, in save
    raise ValueError(f"'{output}' cannot have alpha")
ValueError: 'jpg' cannot have alpha
2026-07-05 09:42:54,437 - INFO - pipeline - Downloaded Minutes of the meeting of CWWG as on 22.06.2026.pdf
2026-07-05 09:42:56,337 - INFO - pipeline - Downloaded Minutes of the meeting of CWWG as on 15.06.2026.pdf
2026-07-05 10:01:48,838 - INFO - pipeline - Downloaded Minutes of the meeting of CWWG as on 22.06.2026.pdf
2026-07-05 10:01:50,555 - INFO - pipeline - Downloaded Minutes of the meeting of CWWG as on 15.06.2026.pdf
2026-07-05 10:01:52,026 - INFO - pipeline - Downloaded Minutes of the meeting of CWWG as on 08.06.2026.pdf
2026-07-05 10:01:53,687 - INFO - pipeline - Downloaded Minutes of the meeting of CWWG as on 01.06.2026.pdf
2026-07-05 10:01:55,378 - INFO - pipeline - Downloaded Minutes of the meeting of CWWG as on 25.05.2026.pdf
2026-07-05 10:01:57,149 - INFO - pipeline - Downloaded Minutes of the meeting of CWWG as on 18.05.2026.pdf
2026-07-05 10:01:58,817 - INFO - pipeline - Downloaded Minutes of the meeting of CWWG as on 11.05.2026.pdf
2026-07-05 10:02:00,444 - INFO - pipeline - Downloaded Minutes of the meeting of CWWG as on 04.05.2026.pdf
2026-07-05 10:02:02,092 - INFO - pipeline - Downloaded Minutes of the meeting of CWWG as on 27.04.2026.pdf
2026-07-05 10:02:03,766 - INFO - pipeline - Downloaded Minutes of the meeting of CWWG as on 20.04.2026.pdf
2026-07-05 10:02:05,293 - INFO - pipeline - Downloaded Minutes of the meeting of CWWG as on 13.04.2026.pdf
2026-07-05 10:02:07,076 - INFO - pipeline - Downloaded Minutes of the meeting of CWWG as on 06.04.2026.pdf
2026-07-05 10:02:08,560 - INFO - pipeline - Downloaded Minutes of the meeting of CWWG as on 30.03.2026.pdf
2026-07-05 10:02:09,554 - WARNING - pipeline - Failed to download https://agriwelfare.gov.in/Documents/CWWGDATA/CWWGWeeklyReport_23032026.pdf: 404
2026-07-05 10:02:11,170 - INFO - pipeline - Downloaded Minutes of the meeting of CWWG as on 16.03.2026.pdf
2026-07-05 10:02:13,096 - INFO - pipeline - Downloaded Minutes of the meeting of CWWG as on 09.03.2026.pdf
2026-07-05 10:02:15,066 - INFO - pipeline - Downloaded Minutes of the meeting of CWWG as on 02.03.2026.pdf
2026-07-05 10:02:16,841 - INFO - pipeline - Downloaded Minutes of the meeting of CWWG as on 23.02.2026.pdf
2026-07-05 10:02:18,640 - INFO - pipeline - Downloaded Minutes of the meeting of CWWG as on 16.02.2026.pdf
2026-07-05 10:02:20,470 - INFO - pipeline - Downloaded Minutes of the meeting of CWWG as on 09.02.2026.pdf
2026-07-05 10:02:22,497 - INFO - pipeline - Downloaded Minutes of the meeting of CWWG as on 02.02.2026.pdf
2026-07-05 10:02:24,386 - INFO - pipeline - Downloaded Minutes of the meeting of CWWG as on 27.01.2026.pdf
2026-07-05 10:02:27,043 - INFO - pipeline - Downloaded Minutes of the meeting of CWWG as on 12.01.2026.pdf
2026-07-05 10:02:28,945 - INFO - pipeline - Downloaded Minutes of the meeting of CWWG as on 05.01.2026.pdf
2026-07-05 10:02:30,786 - INFO - pipeline - Downloaded Minutes of the meeting of CWWG as on 29.12.2025.pdf
2026-07-05 10:02:32,648 - INFO - pipeline - Downloaded Minutes of the meeting of CWWG as on 22.12.2025.pdf
2026-07-05 10:02:34,446 - INFO - pipeline - Downloaded Minutes of the meeting of CWWG as on 15.12.2025.pdf
2026-07-05 10:02:36,296 - INFO - pipeline - Downloaded Minutes of the meeting of CWWG as on 08.12.2025.pdf
2026-07-05 10:02:38,161 - INFO - pipeline - Downloaded Minutes of the meeting of CWWG as on 01.12.2025.pdf
2026-07-05 10:02:40,109 - INFO - pipeline - Downloaded Minutes of the meeting of CWWG as on 24.11.2025.pdf
2026-07-05 10:02:42,086 - INFO - pipeline - Downloaded Minutes of the meeting of CWWG as on 17.11.2025.pdf
2026-07-05 10:02:43,758 - INFO - pipeline - Downloaded Minutes of the meeting of CWWG as on 10.11.2025.pdf
2026-07-05 10:02:45,298 - INFO - pipeline - Downloaded Minutes of the meeting of CWWG as on 03.11.2025.pdf
2026-07-05 10:02:47,060 - INFO - pipeline - Downloaded Minutes of the meeting of CWWG as on 27.10.2025.pdf
2026-07-05 10:02:48,591 - INFO - pipeline - Downloaded Minutes of the meeting of CWWG as on 13.10.2025.pdf
2026-07-05 10:02:50,084 - INFO - pipeline - Downloaded Minutes of the meeting of CWWG as on 06.10.2025 ..pdf
2026-07-05 10:02:51,583 - INFO - pipeline - Downloaded Minutes of the meeting of CWWG as on 29.09.2025.pdf
2026-07-05 10:02:53,106 - INFO - pipeline - Downloaded Minutes of the meeting of CWWG as on 22.09.2025.pdf
2026-07-05 10:02:54,670 - INFO - pipeline - Downloaded Minutes of the meeting of CWWG as on 15.09.2025.pdf
2026-07-05 10:02:56,216 - INFO - pipeline - Downloaded Minutes of the meeting of CWWG as on 08.09.2025.pdf
2026-07-05 10:02:57,785 - INFO - pipeline - Downloaded Minutes of the meeting of CWWG as on 01.09.2025.pdf
2026-07-05 10:02:59,460 - INFO - pipeline - Downloaded Minutes of the meeting of CWWG as on 25.08.2025.pdf
2026-07-05 10:03:00,994 - INFO - pipeline - Downloaded Minutes of the meeting of CWWG as on 18.08.2025.pdf
2026-07-05 10:03:02,779 - INFO - pipeline - Downloaded Minutes of the meeting of CWWG as on 11.08.2025.pdf
2026-07-05 10:03:04,353 - INFO - pipeline - Downloaded Minutes of the meeting of CWWG as on 04.08.2025.pdf
2026-07-05 10:03:06,170 - INFO - pipeline - Downloaded Minutes of the meeting of CWWG as on 28.07.2025.pdf
2026-07-05 10:03:07,693 - INFO - pipeline - Downloaded Minutes of the meeting of CWWG as on 21.07.2025.pdf
2026-07-05 10:03:09,141 - INFO - pipeline - Downloaded Minutes of the meeting of CWWG as on 14.07.2025.pdf
2026-07-05 10:03:10,685 - INFO - pipeline - Downloaded Minutes of the meeting of CWWG as on 07.07.2025.pdf
2026-07-05 10:03:12,254 - INFO - pipeline - Downloaded Minutes of the meeting of CWWG as on 30.06.2025.pdf
2026-07-05 10:03:13,820 - INFO - pipeline - Downloaded Minutes of the meeting of CWWG as on 23.06.2025.pdf
2026-07-05 10:03:15,480 - INFO - pipeline - Downloaded Minutes of the meeting of CWWG as on 16.06.2025.pdf
2026-07-05 10:03:26,818 - ERROR - pipeline - Failed to process report C:\Web scraping\Crop_Weather_Watch\data\pdfs\Minutes of the meeting of CWWG as on 08.06.2026.pdf: module 'fitz' has no attribute 'csRGBA'
Traceback (most recent call last):
  File "C:\Web scraping\Crop_Weather_Watch\rag_pipeline\extractors.py", line 93, in extract
    pix.save(image_path)
  File "C:\Web scraping\venv\Lib\site-packages\pymupdf\__init__.py", line 13911, in save
    raise ValueError(f"'{output}' cannot have alpha")
ValueError: 'jpg' cannot have alpha

During handling of the above exception, another exception occurred:

Traceback (most recent call last):
  File "C:\Web scraping\Crop_Weather_Watch\rag_pipeline\pipeline.py", line 45, in process_reports
    image_pages = self.image_extractor.extract(pdf_path, week_name)
                  ^^^^^^^^^^^^^^^^^^^^^^^^^^^^^^^^^^^^^^^^^^^^^^^^^
  File "C:\Web scraping\Crop_Weather_Watch\rag_pipeline\extractors.py", line 95, in extract
    rgba_pix = fitz.Pixmap(fitz.csRGBA, pix)
                           ^^^^^^^^^^^
AttributeError: module 'fitz' has no attribute 'csRGBA'
2026-07-05 10:03:29,146 - ERROR - pipeline - Failed to process report C:\Web scraping\Crop_Weather_Watch\data\pdfs\Minutes of the meeting of CWWG as on 01.06.2026.pdf: module 'fitz' has no attribute 'csRGBA'
Traceback (most recent call last):
  File "C:\Web scraping\Crop_Weather_Watch\rag_pipeline\extractors.py", line 93, in extract
    pix.save(image_path)
  File "C:\Web scraping\venv\Lib\site-packages\pymupdf\__init__.py", line 13911, in save
    raise ValueError(f"'{output}' cannot have alpha")
ValueError: 'jpg' cannot have alpha

During handling of the above exception, another exception occurred:

Traceback (most recent call last):
  File "C:\Web scraping\Crop_Weather_Watch\rag_pipeline\pipeline.py", line 45, in process_reports
    image_pages = self.image_extractor.extract(pdf_path, week_name)
                  ^^^^^^^^^^^^^^^^^^^^^^^^^^^^^^^^^^^^^^^^^^^^^^^^^
  File "C:\Web scraping\Crop_Weather_Watch\rag_pipeline\extractors.py", line 95, in extract
    rgba_pix = fitz.Pixmap(fitz.csRGBA, pix)
                           ^^^^^^^^^^^
AttributeError: module 'fitz' has no attribute 'csRGBA'
2026-07-05 10:03:38,044 - ERROR - pipeline - Failed to process report C:\Web scraping\Crop_Weather_Watch\data\pdfs\Minutes of the meeting of CWWG as on 11.05.2026.pdf: module 'fitz' has no attribute 'csRGBA'
Traceback (most recent call last):
  File "C:\Web scraping\Crop_Weather_Watch\rag_pipeline\extractors.py", line 93, in extract
    pix.save(image_path)
  File "C:\Web scraping\venv\Lib\site-packages\pymupdf\__init__.py", line 13911, in save
    raise ValueError(f"'{output}' cannot have alpha")
ValueError: 'jpg' cannot have alpha

During handling of the above exception, another exception occurred:

Traceback (most recent call last):
  File "C:\Web scraping\Crop_Weather_Watch\rag_pipeline\pipeline.py", line 45, in process_reports
    image_pages = self.image_extractor.extract(pdf_path, week_name)
                  ^^^^^^^^^^^^^^^^^^^^^^^^^^^^^^^^^^^^^^^^^^^^^^^^^
  File "C:\Web scraping\Crop_Weather_Watch\rag_pipeline\extractors.py", line 95, in extract
    rgba_pix = fitz.Pixmap(fitz.csRGBA, pix)
                           ^^^^^^^^^^^
AttributeError: module 'fitz' has no attribute 'csRGBA'
2026-07-05 10:03:40,027 - ERROR - pipeline - Failed to process report C:\Web scraping\Crop_Weather_Watch\data\pdfs\Minutes of the meeting of CWWG as on 04.05.2026.pdf: module 'fitz' has no attribute 'csRGBA'
Traceback (most recent call last):
  File "C:\Web scraping\Crop_Weather_Watch\rag_pipeline\extractors.py", line 93, in extract
    pix.save(image_path)
  File "C:\Web scraping\venv\Lib\site-packages\pymupdf\__init__.py", line 13911, in save
    raise ValueError(f"'{output}' cannot have alpha")
ValueError: 'jpg' cannot have alpha

During handling of the above exception, another exception occurred:

Traceback (most recent call last):
  File "C:\Web scraping\Crop_Weather_Watch\rag_pipeline\pipeline.py", line 45, in process_reports
    image_pages = self.image_extractor.extract(pdf_path, week_name)
                  ^^^^^^^^^^^^^^^^^^^^^^^^^^^^^^^^^^^^^^^^^^^^^^^^^
  File "C:\Web scraping\Crop_Weather_Watch\rag_pipeline\extractors.py", line 95, in extract
    rgba_pix = fitz.Pixmap(fitz.csRGBA, pix)
                           ^^^^^^^^^^^
AttributeError: module 'fitz' has no attribute 'csRGBA'
2026-07-05 10:03:41,827 - ERROR - pipeline - Failed to process report C:\Web scraping\Crop_Weather_Watch\data\pdfs\Minutes of the meeting of CWWG as on 27.04.2026.pdf: module 'fitz' has no attribute 'csRGBA'
Traceback (most recent call last):
  File "C:\Web scraping\Crop_Weather_Watch\rag_pipeline\extractors.py", line 93, in extract
    pix.save(image_path)
  File "C:\Web scraping\venv\Lib\site-packages\pymupdf\__init__.py", line 13911, in save
    raise ValueError(f"'{output}' cannot have alpha")
ValueError: 'jpg' cannot have alpha

During handling of the above exception, another exception occurred:

Traceback (most recent call last):
  File "C:\Web scraping\Crop_Weather_Watch\rag_pipeline\pipeline.py", line 45, in process_reports
    image_pages = self.image_extractor.extract(pdf_path, week_name)
                  ^^^^^^^^^^^^^^^^^^^^^^^^^^^^^^^^^^^^^^^^^^^^^^^^^
  File "C:\Web scraping\Crop_Weather_Watch\rag_pipeline\extractors.py", line 95, in extract
    rgba_pix = fitz.Pixmap(fitz.csRGBA, pix)
                           ^^^^^^^^^^^
AttributeError: module 'fitz' has no attribute 'csRGBA'
2026-07-05 10:03:47,644 - ERROR - pipeline - Failed to process report C:\Web scraping\Crop_Weather_Watch\data\pdfs\Minutes of the meeting of CWWG as on 13.04.2026.pdf: module 'fitz' has no attribute 'csRGBA'
Traceback (most recent call last):
  File "C:\Web scraping\Crop_Weather_Watch\rag_pipeline\extractors.py", line 93, in extract
    pix.save(image_path)
  File "C:\Web scraping\venv\Lib\site-packages\pymupdf\__init__.py", line 13911, in save
    raise ValueError(f"'{output}' cannot have alpha")
ValueError: 'jpg' cannot have alpha

During handling of the above exception, another exception occurred:

Traceback (most recent call last):
  File "C:\Web scraping\Crop_Weather_Watch\rag_pipeline\pipeline.py", line 45, in process_reports
    image_pages = self.image_extractor.extract(pdf_path, week_name)
                  ^^^^^^^^^^^^^^^^^^^^^^^^^^^^^^^^^^^^^^^^^^^^^^^^^
  File "C:\Web scraping\Crop_Weather_Watch\rag_pipeline\extractors.py", line 95, in extract
    rgba_pix = fitz.Pixmap(fitz.csRGBA, pix)
                           ^^^^^^^^^^^
AttributeError: module 'fitz' has no attribute 'csRGBA'
2026-07-05 10:03:49,725 - ERROR - pipeline - Failed to process report C:\Web scraping\Crop_Weather_Watch\data\pdfs\Minutes of the meeting of CWWG as on 06.04.2026.pdf: module 'fitz' has no attribute 'csRGBA'
Traceback (most recent call last):
  File "C:\Web scraping\Crop_Weather_Watch\rag_pipeline\extractors.py", line 93, in extract
    pix.save(image_path)
  File "C:\Web scraping\venv\Lib\site-packages\pymupdf\__init__.py", line 13911, in save
    raise ValueError(f"'{output}' cannot have alpha")
ValueError: 'jpg' cannot have alpha

During handling of the above exception, another exception occurred:

Traceback (most recent call last):
  File "C:\Web scraping\Crop_Weather_Watch\rag_pipeline\pipeline.py", line 45, in process_reports
    image_pages = self.image_extractor.extract(pdf_path, week_name)
                  ^^^^^^^^^^^^^^^^^^^^^^^^^^^^^^^^^^^^^^^^^^^^^^^^^
  File "C:\Web scraping\Crop_Weather_Watch\rag_pipeline\extractors.py", line 95, in extract
    rgba_pix = fitz.Pixmap(fitz.csRGBA, pix)
                           ^^^^^^^^^^^
AttributeError: module 'fitz' has no attribute 'csRGBA'
2026-07-05 10:03:51,523 - ERROR - pipeline - Failed to process report C:\Web scraping\Crop_Weather_Watch\data\pdfs\Minutes of the meeting of CWWG as on 30.03.2026.pdf: module 'fitz' has no attribute 'csRGBA'
Traceback (most recent call last):
  File "C:\Web scraping\Crop_Weather_Watch\rag_pipeline\extractors.py", line 93, in extract
    pix.save(image_path)
  File "C:\Web scraping\venv\Lib\site-packages\pymupdf\__init__.py", line 13911, in save
    raise ValueError(f"'{output}' cannot have alpha")
ValueError: 'jpg' cannot have alpha

During handling of the above exception, another exception occurred:

Traceback (most recent call last):
  File "C:\Web scraping\Crop_Weather_Watch\rag_pipeline\pipeline.py", line 45, in process_reports
    image_pages = self.image_extractor.extract(pdf_path, week_name)
                  ^^^^^^^^^^^^^^^^^^^^^^^^^^^^^^^^^^^^^^^^^^^^^^^^^
  File "C:\Web scraping\Crop_Weather_Watch\rag_pipeline\extractors.py", line 95, in extract
    rgba_pix = fitz.Pixmap(fitz.csRGBA, pix)
                           ^^^^^^^^^^^
AttributeError: module 'fitz' has no attribute 'csRGBA'
2026-07-05 10:03:53,812 - ERROR - pipeline - Failed to process report C:\Web scraping\Crop_Weather_Watch\data\pdfs\Minutes of the meeting of CWWG as on 16.03.2026.pdf: module 'fitz' has no attribute 'csRGBA'
Traceback (most recent call last):
  File "C:\Web scraping\Crop_Weather_Watch\rag_pipeline\extractors.py", line 93, in extract
    pix.save(image_path)
  File "C:\Web scraping\venv\Lib\site-packages\pymupdf\__init__.py", line 13911, in save
    raise ValueError(f"'{output}' cannot have alpha")
ValueError: 'jpg' cannot have alpha

During handling of the above exception, another exception occurred:

Traceback (most recent call last):
  File "C:\Web scraping\Crop_Weather_Watch\rag_pipeline\pipeline.py", line 45, in process_reports
    image_pages = self.image_extractor.extract(pdf_path, week_name)
                  ^^^^^^^^^^^^^^^^^^^^^^^^^^^^^^^^^^^^^^^^^^^^^^^^^
  File "C:\Web scraping\Crop_Weather_Watch\rag_pipeline\extractors.py", line 95, in extract
    rgba_pix = fitz.Pixmap(fitz.csRGBA, pix)
                           ^^^^^^^^^^^
AttributeError: module 'fitz' has no attribute 'csRGBA'
2026-07-05 10:04:02,887 - ERROR - pipeline - Failed to process report C:\Web scraping\Crop_Weather_Watch\data\pdfs\Minutes of the meeting of CWWG as on 23.02.2026.pdf: module 'fitz' has no attribute 'csRGBA'
Traceback (most recent call last):
  File "C:\Web scraping\Crop_Weather_Watch\rag_pipeline\extractors.py", line 93, in extract
    pix.save(image_path)
  File "C:\Web scraping\venv\Lib\site-packages\pymupdf\__init__.py", line 13911, in save
    raise ValueError(f"'{output}' cannot have alpha")
ValueError: 'jpg' cannot have alpha

During handling of the above exception, another exception occurred:

Traceback (most recent call last):
  File "C:\Web scraping\Crop_Weather_Watch\rag_pipeline\pipeline.py", line 45, in process_reports
    image_pages = self.image_extractor.extract(pdf_path, week_name)
                  ^^^^^^^^^^^^^^^^^^^^^^^^^^^^^^^^^^^^^^^^^^^^^^^^^
  File "C:\Web scraping\Crop_Weather_Watch\rag_pipeline\extractors.py", line 95, in extract
    rgba_pix = fitz.Pixmap(fitz.csRGBA, pix)
                           ^^^^^^^^^^^
AttributeError: module 'fitz' has no attribute 'csRGBA'
2026-07-05 10:04:54,503 - ERROR - pipeline - Failed to process report C:\Web scraping\Crop_Weather_Watch\data\pdfs\Minutes of the meeting of CWWG as on 10.11.2025.pdf: module 'fitz' has no attribute 'csRGBA'
Traceback (most recent call last):
  File "C:\Web scraping\Crop_Weather_Watch\rag_pipeline\extractors.py", line 93, in extract
    pix.save(image_path)
  File "C:\Web scraping\venv\Lib\site-packages\pymupdf\__init__.py", line 13911, in save
    raise ValueError(f"'{output}' cannot have alpha")
ValueError: 'jpg' cannot have alpha

During handling of the above exception, another exception occurred:

Traceback (most recent call last):
  File "C:\Web scraping\Crop_Weather_Watch\rag_pipeline\pipeline.py", line 45, in process_reports
    image_pages = self.image_extractor.extract(pdf_path, week_name)
                  ^^^^^^^^^^^^^^^^^^^^^^^^^^^^^^^^^^^^^^^^^^^^^^^^^
  File "C:\Web scraping\Crop_Weather_Watch\rag_pipeline\extractors.py", line 95, in extract
    rgba_pix = fitz.Pixmap(fitz.csRGBA, pix)
                           ^^^^^^^^^^^
AttributeError: module 'fitz' has no attribute 'csRGBA'
2026-07-05 10:04:56,747 - ERROR - pipeline - Failed to process report C:\Web scraping\Crop_Weather_Watch\data\pdfs\Minutes of the meeting of CWWG as on 03.11.2025.pdf: module 'fitz' has no attribute 'csRGBA'
Traceback (most recent call last):
  File "C:\Web scraping\Crop_Weather_Watch\rag_pipeline\extractors.py", line 93, in extract
    pix.save(image_path)
  File "C:\Web scraping\venv\Lib\site-packages\pymupdf\__init__.py", line 13911, in save
    raise ValueError(f"'{output}' cannot have alpha")
ValueError: 'jpg' cannot have alpha

During handling of the above exception, another exception occurred:

Traceback (most recent call last):
  File "C:\Web scraping\Crop_Weather_Watch\rag_pipeline\pipeline.py", line 45, in process_reports
    image_pages = self.image_extractor.extract(pdf_path, week_name)
                  ^^^^^^^^^^^^^^^^^^^^^^^^^^^^^^^^^^^^^^^^^^^^^^^^^
  File "C:\Web scraping\Crop_Weather_Watch\rag_pipeline\extractors.py", line 95, in extract
    rgba_pix = fitz.Pixmap(fitz.csRGBA, pix)
                           ^^^^^^^^^^^
AttributeError: module 'fitz' has no attribute 'csRGBA'
2026-07-05 10:04:58,922 - ERROR - pipeline - Failed to process report C:\Web scraping\Crop_Weather_Watch\data\pdfs\Minutes of the meeting of CWWG as on 27.10.2025.pdf: module 'fitz' has no attribute 'csRGBA'
Traceback (most recent call last):
  File "C:\Web scraping\Crop_Weather_Watch\rag_pipeline\extractors.py", line 93, in extract
    pix.save(image_path)
  File "C:\Web scraping\venv\Lib\site-packages\pymupdf\__init__.py", line 13911, in save
    raise ValueError(f"'{output}' cannot have alpha")
ValueError: 'jpg' cannot have alpha

During handling of the above exception, another exception occurred:

Traceback (most recent call last):
  File "C:\Web scraping\Crop_Weather_Watch\rag_pipeline\pipeline.py", line 45, in process_reports
    image_pages = self.image_extractor.extract(pdf_path, week_name)
                  ^^^^^^^^^^^^^^^^^^^^^^^^^^^^^^^^^^^^^^^^^^^^^^^^^
  File "C:\Web scraping\Crop_Weather_Watch\rag_pipeline\extractors.py", line 95, in extract
    rgba_pix = fitz.Pixmap(fitz.csRGBA, pix)
                           ^^^^^^^^^^^
AttributeError: module 'fitz' has no attribute 'csRGBA'
2026-07-05 10:05:00,863 - ERROR - pipeline - Failed to process report C:\Web scraping\Crop_Weather_Watch\data\pdfs\Minutes of the meeting of CWWG as on 13.10.2025.pdf: module 'fitz' has no attribute 'csRGBA'
Traceback (most recent call last):
  File "C:\Web scraping\Crop_Weather_Watch\rag_pipeline\extractors.py", line 93, in extract
    pix.save(image_path)
  File "C:\Web scraping\venv\Lib\site-packages\pymupdf\__init__.py", line 13911, in save
    raise ValueError(f"'{output}' cannot have alpha")
ValueError: 'jpg' cannot have alpha

During handling of the above exception, another exception occurred:

Traceback (most recent call last):
  File "C:\Web scraping\Crop_Weather_Watch\rag_pipeline\pipeline.py", line 45, in process_reports
    image_pages = self.image_extractor.extract(pdf_path, week_name)
                  ^^^^^^^^^^^^^^^^^^^^^^^^^^^^^^^^^^^^^^^^^^^^^^^^^
  File "C:\Web scraping\Crop_Weather_Watch\rag_pipeline\extractors.py", line 95, in extract
    rgba_pix = fitz.Pixmap(fitz.csRGBA, pix)
                           ^^^^^^^^^^^
AttributeError: module 'fitz' has no attribute 'csRGBA'
2026-07-05 10:05:03,440 - ERROR - pipeline - Failed to process report C:\Web scraping\Crop_Weather_Watch\data\pdfs\Minutes of the meeting of CWWG as on 06.10.2025 ..pdf: module 'fitz' has no attribute 'csRGBA'
Traceback (most recent call last):
  File "C:\Web scraping\Crop_Weather_Watch\rag_pipeline\extractors.py", line 93, in extract
    pix.save(image_path)
  File "C:\Web scraping\venv\Lib\site-packages\pymupdf\__init__.py", line 13911, in save
    raise ValueError(f"'{output}' cannot have alpha")
ValueError: 'jpg' cannot have alpha

During handling of the above exception, another exception occurred:

Traceback (most recent call last):
  File "C:\Web scraping\Crop_Weather_Watch\rag_pipeline\pipeline.py", line 45, in process_reports
    image_pages = self.image_extractor.extract(pdf_path, week_name)
                  ^^^^^^^^^^^^^^^^^^^^^^^^^^^^^^^^^^^^^^^^^^^^^^^^^
  File "C:\Web scraping\Crop_Weather_Watch\rag_pipeline\extractors.py", line 95, in extract
    rgba_pix = fitz.Pixmap(fitz.csRGBA, pix)
                           ^^^^^^^^^^^
AttributeError: module 'fitz' has no attribute 'csRGBA'
2026-07-05 10:05:06,873 - ERROR - pipeline - Failed to process report C:\Web scraping\Crop_Weather_Watch\data\pdfs\Minutes of the meeting of CWWG as on 29.09.2025.pdf: module 'fitz' has no attribute 'csRGBA'
Traceback (most recent call last):
  File "C:\Web scraping\Crop_Weather_Watch\rag_pipeline\extractors.py", line 93, in extract
    pix.save(image_path)
  File "C:\Web scraping\venv\Lib\site-packages\pymupdf\__init__.py", line 13911, in save
    raise ValueError(f"'{output}' cannot have alpha")
ValueError: 'jpg' cannot have alpha

During handling of the above exception, another exception occurred:

Traceback (most recent call last):
  File "C:\Web scraping\Crop_Weather_Watch\rag_pipeline\pipeline.py", line 45, in process_reports
    image_pages = self.image_extractor.extract(pdf_path, week_name)
                  ^^^^^^^^^^^^^^^^^^^^^^^^^^^^^^^^^^^^^^^^^^^^^^^^^
  File "C:\Web scraping\Crop_Weather_Watch\rag_pipeline\extractors.py", line 95, in extract
    rgba_pix = fitz.Pixmap(fitz.csRGBA, pix)
                           ^^^^^^^^^^^
AttributeError: module 'fitz' has no attribute 'csRGBA'
2026-07-05 10:05:09,689 - ERROR - pipeline - Failed to process report C:\Web scraping\Crop_Weather_Watch\data\pdfs\Minutes of the meeting of CWWG as on 22.09.2025.pdf: module 'fitz' has no attribute 'csRGBA'
Traceback (most recent call last):
  File "C:\Web scraping\Crop_Weather_Watch\rag_pipeline\extractors.py", line 93, in extract
    pix.save(image_path)
  File "C:\Web scraping\venv\Lib\site-packages\pymupdf\__init__.py", line 13911, in save
    raise ValueError(f"'{output}' cannot have alpha")
ValueError: 'jpg' cannot have alpha

During handling of the above exception, another exception occurred:

Traceback (most recent call last):
  File "C:\Web scraping\Crop_Weather_Watch\rag_pipeline\pipeline.py", line 45, in process_reports
    image_pages = self.image_extractor.extract(pdf_path, week_name)
                  ^^^^^^^^^^^^^^^^^^^^^^^^^^^^^^^^^^^^^^^^^^^^^^^^^
  File "C:\Web scraping\Crop_Weather_Watch\rag_pipeline\extractors.py", line 95, in extract
    rgba_pix = fitz.Pixmap(fitz.csRGBA, pix)
                           ^^^^^^^^^^^
AttributeError: module 'fitz' has no attribute 'csRGBA'
2026-07-05 10:05:12,738 - ERROR - pipeline - Failed to process report C:\Web scraping\Crop_Weather_Watch\data\pdfs\Minutes of the meeting of CWWG as on 15.09.2025.pdf: module 'fitz' has no attribute 'csRGBA'
Traceback (most recent call last):
  File "C:\Web scraping\Crop_Weather_Watch\rag_pipeline\extractors.py", line 93, in extract
    pix.save(image_path)
  File "C:\Web scraping\venv\Lib\site-packages\pymupdf\__init__.py", line 13911, in save
    raise ValueError(f"'{output}' cannot have alpha")
ValueError: 'jpg' cannot have alpha

During handling of the above exception, another exception occurred:

Traceback (most recent call last):
  File "C:\Web scraping\Crop_Weather_Watch\rag_pipeline\pipeline.py", line 45, in process_reports
    image_pages = self.image_extractor.extract(pdf_path, week_name)
                  ^^^^^^^^^^^^^^^^^^^^^^^^^^^^^^^^^^^^^^^^^^^^^^^^^
  File "C:\Web scraping\Crop_Weather_Watch\rag_pipeline\extractors.py", line 95, in extract
    rgba_pix = fitz.Pixmap(fitz.csRGBA, pix)
                           ^^^^^^^^^^^
AttributeError: module 'fitz' has no attribute 'csRGBA'
2026-07-05 10:05:15,421 - ERROR - pipeline - Failed to process report C:\Web scraping\Crop_Weather_Watch\data\pdfs\Minutes of the meeting of CWWG as on 08.09.2025.pdf: module 'fitz' has no attribute 'csRGBA'
Traceback (most recent call last):
  File "C:\Web scraping\Crop_Weather_Watch\rag_pipeline\extractors.py", line 93, in extract
    pix.save(image_path)
  File "C:\Web scraping\venv\Lib\site-packages\pymupdf\__init__.py", line 13911, in save
    raise ValueError(f"'{output}' cannot have alpha")
ValueError: 'jpg' cannot have alpha

During handling of the above exception, another exception occurred:

Traceback (most recent call last):
  File "C:\Web scraping\Crop_Weather_Watch\rag_pipeline\pipeline.py", line 45, in process_reports
    image_pages = self.image_extractor.extract(pdf_path, week_name)
                  ^^^^^^^^^^^^^^^^^^^^^^^^^^^^^^^^^^^^^^^^^^^^^^^^^
  File "C:\Web scraping\Crop_Weather_Watch\rag_pipeline\extractors.py", line 95, in extract
    rgba_pix = fitz.Pixmap(fitz.csRGBA, pix)
                           ^^^^^^^^^^^
AttributeError: module 'fitz' has no attribute 'csRGBA'
2026-07-05 10:05:18,637 - ERROR - pipeline - Failed to process report C:\Web scraping\Crop_Weather_Watch\data\pdfs\Minutes of the meeting of CWWG as on 01.09.2025.pdf: module 'fitz' has no attribute 'csRGBA'
Traceback (most recent call last):
  File "C:\Web scraping\Crop_Weather_Watch\rag_pipeline\extractors.py", line 93, in extract
    pix.save(image_path)
  File "C:\Web scraping\venv\Lib\site-packages\pymupdf\__init__.py", line 13911, in save
    raise ValueError(f"'{output}' cannot have alpha")
ValueError: 'jpg' cannot have alpha

During handling of the above exception, another exception occurred:

Traceback (most recent call last):
  File "C:\Web scraping\Crop_Weather_Watch\rag_pipeline\pipeline.py", line 45, in process_reports
    image_pages = self.image_extractor.extract(pdf_path, week_name)
                  ^^^^^^^^^^^^^^^^^^^^^^^^^^^^^^^^^^^^^^^^^^^^^^^^^
  File "C:\Web scraping\Crop_Weather_Watch\rag_pipeline\extractors.py", line 95, in extract
    rgba_pix = fitz.Pixmap(fitz.csRGBA, pix)
                           ^^^^^^^^^^^
AttributeError: module 'fitz' has no attribute 'csRGBA'
2026-07-05 10:05:22,086 - ERROR - pipeline - Failed to process report C:\Web scraping\Crop_Weather_Watch\data\pdfs\Minutes of the meeting of CWWG as on 25.08.2025.pdf: module 'fitz' has no attribute 'csRGBA'
Traceback (most recent call last):
  File "C:\Web scraping\Crop_Weather_Watch\rag_pipeline\extractors.py", line 93, in extract
    pix.save(image_path)
  File "C:\Web scraping\venv\Lib\site-packages\pymupdf\__init__.py", line 13911, in save
    raise ValueError(f"'{output}' cannot have alpha")
ValueError: 'jpg' cannot have alpha

During handling of the above exception, another exception occurred:

Traceback (most recent call last):
  File "C:\Web scraping\Crop_Weather_Watch\rag_pipeline\pipeline.py", line 45, in process_reports
    image_pages = self.image_extractor.extract(pdf_path, week_name)
                  ^^^^^^^^^^^^^^^^^^^^^^^^^^^^^^^^^^^^^^^^^^^^^^^^^
  File "C:\Web scraping\Crop_Weather_Watch\rag_pipeline\extractors.py", line 95, in extract
    rgba_pix = fitz.Pixmap(fitz.csRGBA, pix)
                           ^^^^^^^^^^^
AttributeError: module 'fitz' has no attribute 'csRGBA'
2026-07-05 10:05:25,385 - ERROR - pipeline - Failed to process report C:\Web scraping\Crop_Weather_Watch\data\pdfs\Minutes of the meeting of CWWG as on 18.08.2025.pdf: module 'fitz' has no attribute 'csRGBA'
Traceback (most recent call last):
  File "C:\Web scraping\Crop_Weather_Watch\rag_pipeline\extractors.py", line 93, in extract
    pix.save(image_path)
  File "C:\Web scraping\venv\Lib\site-packages\pymupdf\__init__.py", line 13911, in save
    raise ValueError(f"'{output}' cannot have alpha")
ValueError: 'jpg' cannot have alpha

During handling of the above exception, another exception occurred:

Traceback (most recent call last):
  File "C:\Web scraping\Crop_Weather_Watch\rag_pipeline\pipeline.py", line 45, in process_reports
    image_pages = self.image_extractor.extract(pdf_path, week_name)
                  ^^^^^^^^^^^^^^^^^^^^^^^^^^^^^^^^^^^^^^^^^^^^^^^^^
  File "C:\Web scraping\Crop_Weather_Watch\rag_pipeline\extractors.py", line 95, in extract
    rgba_pix = fitz.Pixmap(fitz.csRGBA, pix)
                           ^^^^^^^^^^^
AttributeError: module 'fitz' has no attribute 'csRGBA'
2026-07-05 10:05:28,218 - ERROR - pipeline - Failed to process report C:\Web scraping\Crop_Weather_Watch\data\pdfs\Minutes of the meeting of CWWG as on 11.08.2025.pdf: module 'fitz' has no attribute 'csRGBA'
Traceback (most recent call last):
  File "C:\Web scraping\Crop_Weather_Watch\rag_pipeline\extractors.py", line 93, in extract
    pix.save(image_path)
  File "C:\Web scraping\venv\Lib\site-packages\pymupdf\__init__.py", line 13911, in save
    raise ValueError(f"'{output}' cannot have alpha")
ValueError: 'jpg' cannot have alpha

During handling of the above exception, another exception occurred:

Traceback (most recent call last):
  File "C:\Web scraping\Crop_Weather_Watch\rag_pipeline\pipeline.py", line 45, in process_reports
    image_pages = self.image_extractor.extract(pdf_path, week_name)
                  ^^^^^^^^^^^^^^^^^^^^^^^^^^^^^^^^^^^^^^^^^^^^^^^^^
  File "C:\Web scraping\Crop_Weather_Watch\rag_pipeline\extractors.py", line 95, in extract
    rgba_pix = fitz.Pixmap(fitz.csRGBA, pix)
                           ^^^^^^^^^^^
AttributeError: module 'fitz' has no attribute 'csRGBA'
2026-07-05 10:05:31,283 - ERROR - pipeline - Failed to process report C:\Web scraping\Crop_Weather_Watch\data\pdfs\Minutes of the meeting of CWWG as on 04.08.2025.pdf: module 'fitz' has no attribute 'csRGBA'
Traceback (most recent call last):
  File "C:\Web scraping\Crop_Weather_Watch\rag_pipeline\extractors.py", line 93, in extract
    pix.save(image_path)
  File "C:\Web scraping\venv\Lib\site-packages\pymupdf\__init__.py", line 13911, in save
    raise ValueError(f"'{output}' cannot have alpha")
ValueError: 'jpg' cannot have alpha

During handling of the above exception, another exception occurred:

Traceback (most recent call last):
  File "C:\Web scraping\Crop_Weather_Watch\rag_pipeline\pipeline.py", line 45, in process_reports
    image_pages = self.image_extractor.extract(pdf_path, week_name)
                  ^^^^^^^^^^^^^^^^^^^^^^^^^^^^^^^^^^^^^^^^^^^^^^^^^
  File "C:\Web scraping\Crop_Weather_Watch\rag_pipeline\extractors.py", line 95, in extract
    rgba_pix = fitz.Pixmap(fitz.csRGBA, pix)
                           ^^^^^^^^^^^
AttributeError: module 'fitz' has no attribute 'csRGBA'
2026-07-05 10:05:34,316 - ERROR - pipeline - Failed to process report C:\Web scraping\Crop_Weather_Watch\data\pdfs\Minutes of the meeting of CWWG as on 28.07.2025.pdf: module 'fitz' has no attribute 'csRGBA'
Traceback (most recent call last):
  File "C:\Web scraping\Crop_Weather_Watch\rag_pipeline\extractors.py", line 93, in extract
    pix.save(image_path)
  File "C:\Web scraping\venv\Lib\site-packages\pymupdf\__init__.py", line 13911, in save
    raise ValueError(f"'{output}' cannot have alpha")
ValueError: 'jpg' cannot have alpha

During handling of the above exception, another exception occurred:

Traceback (most recent call last):
  File "C:\Web scraping\Crop_Weather_Watch\rag_pipeline\pipeline.py", line 45, in process_reports
    image_pages = self.image_extractor.extract(pdf_path, week_name)
                  ^^^^^^^^^^^^^^^^^^^^^^^^^^^^^^^^^^^^^^^^^^^^^^^^^
  File "C:\Web scraping\Crop_Weather_Watch\rag_pipeline\extractors.py", line 95, in extract
    rgba_pix = fitz.Pixmap(fitz.csRGBA, pix)
                           ^^^^^^^^^^^
AttributeError: module 'fitz' has no attribute 'csRGBA'
2026-07-05 10:05:37,340 - ERROR - pipeline - Failed to process report C:\Web scraping\Crop_Weather_Watch\data\pdfs\Minutes of the meeting of CWWG as on 21.07.2025.pdf: module 'fitz' has no attribute 'csRGBA'
Traceback (most recent call last):
  File "C:\Web scraping\Crop_Weather_Watch\rag_pipeline\extractors.py", line 93, in extract
    pix.save(image_path)
  File "C:\Web scraping\venv\Lib\site-packages\pymupdf\__init__.py", line 13911, in save
    raise ValueError(f"'{output}' cannot have alpha")
ValueError: 'jpg' cannot have alpha

During handling of the above exception, another exception occurred:

Traceback (most recent call last):
  File "C:\Web scraping\Crop_Weather_Watch\rag_pipeline\pipeline.py", line 45, in process_reports
    image_pages = self.image_extractor.extract(pdf_path, week_name)
                  ^^^^^^^^^^^^^^^^^^^^^^^^^^^^^^^^^^^^^^^^^^^^^^^^^
  File "C:\Web scraping\Crop_Weather_Watch\rag_pipeline\extractors.py", line 95, in extract
    rgba_pix = fitz.Pixmap(fitz.csRGBA, pix)
                           ^^^^^^^^^^^
AttributeError: module 'fitz' has no attribute 'csRGBA'
2026-07-05 10:05:40,305 - ERROR - pipeline - Failed to process report C:\Web scraping\Crop_Weather_Watch\data\pdfs\Minutes of the meeting of CWWG as on 14.07.2025.pdf: module 'fitz' has no attribute 'csRGBA'
Traceback (most recent call last):
  File "C:\Web scraping\Crop_Weather_Watch\rag_pipeline\extractors.py", line 93, in extract
    pix.save(image_path)
  File "C:\Web scraping\venv\Lib\site-packages\pymupdf\__init__.py", line 13911, in save
    raise ValueError(f"'{output}' cannot have alpha")
ValueError: 'jpg' cannot have alpha

During handling of the above exception, another exception occurred:

Traceback (most recent call last):
  File "C:\Web scraping\Crop_Weather_Watch\rag_pipeline\pipeline.py", line 45, in process_reports
    image_pages = self.image_extractor.extract(pdf_path, week_name)
                  ^^^^^^^^^^^^^^^^^^^^^^^^^^^^^^^^^^^^^^^^^^^^^^^^^
  File "C:\Web scraping\Crop_Weather_Watch\rag_pipeline\extractors.py", line 95, in extract
    rgba_pix = fitz.Pixmap(fitz.csRGBA, pix)
                           ^^^^^^^^^^^
AttributeError: module 'fitz' has no attribute 'csRGBA'
2026-07-05 10:05:43,022 - ERROR - pipeline - Failed to process report C:\Web scraping\Crop_Weather_Watch\data\pdfs\Minutes of the meeting of CWWG as on 07.07.2025.pdf: module 'fitz' has no attribute 'csRGBA'
Traceback (most recent call last):
  File "C:\Web scraping\Crop_Weather_Watch\rag_pipeline\extractors.py", line 93, in extract
    pix.save(image_path)
  File "C:\Web scraping\venv\Lib\site-packages\pymupdf\__init__.py", line 13911, in save
    raise ValueError(f"'{output}' cannot have alpha")
ValueError: 'jpg' cannot have alpha

During handling of the above exception, another exception occurred:

Traceback (most recent call last):
  File "C:\Web scraping\Crop_Weather_Watch\rag_pipeline\pipeline.py", line 45, in process_reports
    image_pages = self.image_extractor.extract(pdf_path, week_name)
                  ^^^^^^^^^^^^^^^^^^^^^^^^^^^^^^^^^^^^^^^^^^^^^^^^^
  File "C:\Web scraping\Crop_Weather_Watch\rag_pipeline\extractors.py", line 95, in extract
    rgba_pix = fitz.Pixmap(fitz.csRGBA, pix)
                           ^^^^^^^^^^^
AttributeError: module 'fitz' has no attribute 'csRGBA'
2026-07-05 10:05:46,173 - ERROR - pipeline - Failed to process report C:\Web scraping\Crop_Weather_Watch\data\pdfs\Minutes of the meeting of CWWG as on 30.06.2025.pdf: module 'fitz' has no attribute 'csRGBA'
Traceback (most recent call last):
  File "C:\Web scraping\Crop_Weather_Watch\rag_pipeline\extractors.py", line 93, in extract
    pix.save(image_path)
  File "C:\Web scraping\venv\Lib\site-packages\pymupdf\__init__.py", line 13911, in save
    raise ValueError(f"'{output}' cannot have alpha")
ValueError: 'jpg' cannot have alpha

During handling of the above exception, another exception occurred:

Traceback (most recent call last):
  File "C:\Web scraping\Crop_Weather_Watch\rag_pipeline\pipeline.py", line 45, in process_reports
    image_pages = self.image_extractor.extract(pdf_path, week_name)
                  ^^^^^^^^^^^^^^^^^^^^^^^^^^^^^^^^^^^^^^^^^^^^^^^^^
  File "C:\Web scraping\Crop_Weather_Watch\rag_pipeline\extractors.py", line 95, in extract
    rgba_pix = fitz.Pixmap(fitz.csRGBA, pix)
                           ^^^^^^^^^^^
AttributeError: module 'fitz' has no attribute 'csRGBA'
2026-07-05 10:05:48,462 - ERROR - pipeline - Failed to process report C:\Web scraping\Crop_Weather_Watch\data\pdfs\Minutes of the meeting of CWWG as on 23.06.2025.pdf: module 'fitz' has no attribute 'csRGBA'
Traceback (most recent call last):
  File "C:\Web scraping\Crop_Weather_Watch\rag_pipeline\extractors.py", line 93, in extract
    pix.save(image_path)
  File "C:\Web scraping\venv\Lib\site-packages\pymupdf\__init__.py", line 13911, in save
    raise ValueError(f"'{output}' cannot have alpha")
ValueError: 'jpg' cannot have alpha

During handling of the above exception, another exception occurred:

Traceback (most recent call last):
  File "C:\Web scraping\Crop_Weather_Watch\rag_pipeline\pipeline.py", line 45, in process_reports
    image_pages = self.image_extractor.extract(pdf_path, week_name)
                  ^^^^^^^^^^^^^^^^^^^^^^^^^^^^^^^^^^^^^^^^^^^^^^^^^
  File "C:\Web scraping\Crop_Weather_Watch\rag_pipeline\extractors.py", line 95, in extract
    rgba_pix = fitz.Pixmap(fitz.csRGBA, pix)
                           ^^^^^^^^^^^
AttributeError: module 'fitz' has no attribute 'csRGBA'
2026-07-05 10:05:50,645 - ERROR - pipeline - Failed to process report C:\Web scraping\Crop_Weather_Watch\data\pdfs\Minutes of the meeting of CWWG as on 16.06.2025.pdf: module 'fitz' has no attribute 'csRGBA'
Traceback (most recent call last):
  File "C:\Web scraping\Crop_Weather_Watch\rag_pipeline\extractors.py", line 93, in extract
    pix.save(image_path)
  File "C:\Web scraping\venv\Lib\site-packages\pymupdf\__init__.py", line 13911, in save
    raise ValueError(f"'{output}' cannot have alpha")
ValueError: 'jpg' cannot have alpha

During handling of the above exception, another exception occurred:

Traceback (most recent call last):
  File "C:\Web scraping\Crop_Weather_Watch\rag_pipeline\pipeline.py", line 45, in process_reports
    image_pages = self.image_extractor.extract(pdf_path, week_name)
                  ^^^^^^^^^^^^^^^^^^^^^^^^^^^^^^^^^^^^^^^^^^^^^^^^^
  File "C:\Web scraping\Crop_Weather_Watch\rag_pipeline\extractors.py", line 95, in extract
    rgba_pix = fitz.Pixmap(fitz.csRGBA, pix)
                           ^^^^^^^^^^^
AttributeError: module 'fitz' has no attribute 'csRGBA'
2026-07-05 10:12:32,396 - INFO - pipeline - Downloaded Minutes of the meeting of CWWG as on 22.06.2026.pdf
2026-07-05 10:12:34,090 - INFO - pipeline - Downloaded Minutes of the meeting of CWWG as on 15.06.2026.pdf
